2026-03-05 13:34:44,782 - __main__ - INFO - 環境設定完成
2026-03-05 13:34:44,785 - utils.helpers - INFO - 清理了 0 個過期快取檔案
2026-03-05 13:34:44,785 - __main__ - INFO - 系統初始化完成
2026-03-05 13:34:44,785 - __main__ - INFO - ==================================================
2026-03-05 13:34:44,785 - __main__ - INFO - 股票分析系統啟動
2026-03-05 13:34:44,785 - __main__ - INFO - ==================================================
2026-03-05 13:34:44,797 - __main__ - INFO - 正在清理資源...
2026-03-05 13:34:44,798 - config.settings - INFO - 使用預設配置
2026-03-05 13:34:44,798 - utils.helpers - INFO - 清理了 0 個舊檔案
2026-03-05 13:34:44,799 - __main__ - INFO - 資源清理完成
2026-03-05 13:34:44,799 - __main__ - INFO - ==================================================
2026-03-05 13:34:44,799 - __main__ - INFO - 股票分析系統關閉
2026-03-05 13:34:44,799 - __main__ - INFO - ==================================================
2026-03-05 15:48:34,932 - __main__ - INFO - 環境設定完成
2026-03-05 15:48:34,937 - utils.helpers - INFO - 清理了 2 個過期快取檔案
2026-03-05 15:48:34,938 - __main__ - INFO - 清理了 2 個過期快取檔案
2026-03-05 15:48:34,938 - __main__ - INFO - 系統初始化完成
2026-03-05 15:48:34,938 - __main__ - INFO - ==================================================
2026-03-05 15:48:34,939 - __main__ - INFO - 股票分析系統啟動
2026-03-05 15:48:34,939 - __main__ - INFO - ==================================================
2026-03-05 15:48:34,977 - __main__ - INFO - 正在清理資源...
2026-03-05 15:48:34,979 - config.settings - INFO - 使用預設配置
2026-03-05 15:48:34,980 - utils.helpers - INFO - 清理了 0 個舊檔案
2026-03-05 15:48:34,980 - __main__ - INFO - 資源清理完成
2026-03-05 15:48:34,980 - __main__ - INFO - ==================================================
2026-03-05 15:48:34,981 - __main__ - INFO - 股票分析系統關閉
2026-03-05 15:48:34,981 - __main__ - INFO - ==================================================
2026-03-05 15:58:05,719 - __main__ - INFO - 環境設定完成
2026-03-05 15:58:05,720 - utils.helpers - INFO - 清理了 0 個過期快取檔案
2026-03-05 15:58:05,721 - __main__ - INFO - 系統初始化完成
2026-03-05 15:58:05,721 - __main__ - INFO - ==================================================
2026-03-05 15:58:05,722 - __main__ - INFO - 股票分析系統啟動
2026-03-05 15:58:05,722 - __main__ - INFO - ==================================================
2026-03-05 15:58:05,757 - config.settings - INFO - 使用預設配置
2026-03-05 15:58:05,758 - data.fetcher - INFO - 已加載 8 個休市日
2026-03-05 15:58:05,760 - data.fetcher - INFO - 已加載 8 個休市日
2026-03-05 15:58:07,619 - data.indicators - INFO - 技術指標計算完成
2026-03-05 15:58:07,641 - __main__ - INFO - 正在清理資源...
2026-03-05 15:58:07,642 - config.settings - INFO - 使用預設配置
2026-03-05 15:58:07,644 - utils.helpers - INFO - 清理了 0 個舊檔案
2026-03-05 15:58:07,644 - __main__ - INFO - 資源清理完成
2026-03-05 15:58:07,645 - __main__ - INFO - ==================================================
2026-03-05 15:58:07,645 - __main__ - INFO - 股票分析系統關閉
2026-03-05 15:58:07,645 - __main__ - INFO - ==================================================
2026-03-05 16:10:09,051 - __main__ - INFO - 環境設定完成
2026-03-05 16:10:09,051 - utils.helpers - INFO - 清理了 1 個過期快取檔案
2026-03-05 16:10:09,052 - __main__ - INFO - 清理了 1 個過期快取檔案
2026-03-05 16:10:09,052 - __main__ - INFO - 系統初始化完成
2026-03-05 16:10:09,052 - __main__ - INFO - ==================================================
2026-03-05 16:10:09,052 - __main__ - INFO - 股票分析系統啟動
2026-03-05 16:10:09,053 - __main__ - INFO - ==================================================
2026-03-05 16:10:09,065 - config.settings - INFO - 使用預設配置
2026-03-05 16:10:10,033 - data.fetcher - INFO - 正在獲取 2330 的歷史數據 (2025-03-05 至 2026-03-05)...
2026-03-05 16:10:10,194 - data.fetcher - INFO - 已保存 2330 的歷史數據到快取
2026-03-05 16:10:10,195 - data.fetcher - INFO - 成功獲取 242 條 2330 的數據記錄
2026-03-05 16:10:10,197 - data.indicators - ERROR - 計算技術指標失敗: 'Close'
2026-03-05 16:10:10,198 - core.analyzer - ERROR - 計算技術指標失敗: 'Close'
2026-03-05 16:10:10,198 - __main__ - INFO - 正在清理資源...
2026-03-05 16:10:10,198 - config.settings - INFO - 使用預設配置
2026-03-05 16:10:10,200 - utils.helpers - INFO - 清理了 0 個舊檔案
2026-03-05 16:10:10,200 - __main__ - INFO - 資源清理完成
2026-03-05 16:10:10,200 - __main__ - INFO - ==================================================
2026-03-05 16:10:10,201 - __main__ - INFO - 股票分析系統關閉
2026-03-05 16:10:10,201 - __main__ - INFO - ==================================================
2026-03-05 16:10:22,063 - __main__ - INFO - 環境設定完成
2026-03-05 16:10:22,064 - utils.helpers - INFO - 清理了 0 個過期快取檔案
2026-03-05 16:10:22,064 - __main__ - INFO - 系統初始化完成
2026-03-05 16:10:22,064 - __main__ - INFO - ==================================================
2026-03-05 16:10:22,065 - __main__ - INFO - 股票分析系統啟動
2026-03-05 16:10:22,065 - __main__ - INFO - ==================================================
2026-03-05 16:10:22,076 - config.settings - INFO - 使用預設配置
2026-03-05 16:10:22,616 - data.fetcher - INFO - 正在獲取 2330 的歷史數據 (2025-03-05 至 2026-03-05)...
2026-03-05 16:10:22,763 - data.fetcher - INFO - 已保存 2330 的歷史數據到快取
2026-03-05 16:10:22,763 - data.fetcher - INFO - 成功獲取 242 條 2330 的數據記錄
2026-03-05 16:10:22,770 - data.indicators - INFO - 技術指標計算完成
2026-03-05 16:10:22,780 - __main__ - INFO - 正在清理資源...
2026-03-05 16:10:22,781 - config.settings - INFO - 使用預設配置
2026-03-05 16:10:22,782 - utils.helpers - INFO - 清理了 0 個舊檔案
2026-03-05 16:10:22,782 - __main__ - INFO - 資源清理完成
2026-03-05 16:10:22,782 - __main__ - INFO - ==================================================
2026-03-05 16:10:22,782 - __main__ - INFO - 股票分析系統關閉
2026-03-05 16:10:22,782 - __main__ - INFO - ==================================================
2026-03-09 11:01:21,345 - __main__ - INFO - 環境設定完成
2026-03-09 11:01:21,459 - utils.helpers - INFO - 清理了 7 個過期快取檔案
2026-03-09 11:01:21,459 - __main__ - INFO - 清理了 7 個過期快取檔案
2026-03-09 11:01:21,459 - __main__ - INFO - 系統初始化完成
2026-03-09 11:01:21,459 - __main__ - INFO - ==================================================
2026-03-09 11:01:21,459 - __main__ - INFO - 股票分析系統啟動
2026-03-09 11:01:21,459 - __main__ - INFO - ==================================================
2026-03-09 11:01:21,471 - __main__ - INFO - 正在清理資源...
2026-03-09 11:01:21,471 - config.settings - INFO - 使用預設配置
2026-03-09 11:01:21,472 - utils.helpers - INFO - 清理了 0 個舊檔案
2026-03-09 11:01:21,472 - __main__ - INFO - 資源清理完成
2026-03-09 11:01:21,472 - __main__ - INFO - ==================================================
2026-03-09 11:01:21,472 - __main__ - INFO - 股票分析系統關閉
2026-03-09 11:01:21,472 - __main__ - INFO - ==================================================
