2026-03-05 13:33:53,768 - __main__ - INFO - 正在初始化股票分析系統...
2026-03-05 13:33:54,546 - __main__ - ERROR - 缺少必要的模組: beautifulsoup4
2026-03-05 13:33:54,546 - __main__ - INFO - 請執行: pip install beautifulsoup4
2026-03-05 13:33:54,546 - __main__ - ERROR - 系統初始化失敗，程式結束
2026-03-05 13:33:54,546 - __main__ - INFO - 正在清理資源...
2026-03-05 13:33:54,547 - config.settings - INFO - 使用預設配置
2026-03-05 13:33:54,549 - __main__ - INFO - 資源清理完成
2026-03-05 13:33:54,550 - __main__ - INFO - ==================================================
2026-03-05 13:33:54,558 - __main__ - INFO - 股票分析系統關閉
2026-03-05 13:33:54,558 - __main__ - INFO - ==================================================
2026-03-05 13:34:18,320 - __main__ - INFO - 正在初始化股票分析系統...
2026-03-05 13:34:19,114 - __main__ - ERROR - 缺少必要的模組: beautifulsoup4
2026-03-05 13:34:19,114 - __main__ - INFO - 請執行: pip install beautifulsoup4
2026-03-05 13:34:19,115 - __main__ - ERROR - 系統初始化失敗，程式結束
2026-03-05 13:34:19,115 - __main__ - INFO - 正在清理資源...
2026-03-05 13:34:19,115 - config.settings - INFO - 使用預設配置
2026-03-05 13:34:19,117 - __main__ - INFO - 資源清理完成
2026-03-05 13:34:19,117 - __main__ - INFO - ==================================================
2026-03-05 13:34:19,117 - __main__ - INFO - 股票分析系統關閉
2026-03-05 13:34:19,117 - __main__ - INFO - ==================================================
2026-03-05 13:34:43,984 - __main__ - INFO - 正在初始化股票分析系統...
2026-03-05 13:34:44,779 - __main__ - INFO - 依賴項檢查通過
2026-03-05 13:34:44,779 - config.settings - INFO - 使用預設配置
2026-03-05 13:34:44,780 - config.settings - INFO - 所有必要目錄已建立
2026-03-05 13:34:44,782 - __main__ - INFO - 環境設定完成
2026-03-05 13:34:44,785 - utils.helpers - INFO - 清理了 0 個過期快取檔案
2026-03-05 13:34:44,785 - __main__ - INFO - 系統初始化完成
2026-03-05 13:34:44,785 - __main__ - INFO - ==================================================
2026-03-05 13:34:44,785 - __main__ - INFO - 股票分析系統啟動
2026-03-05 13:34:44,785 - __main__ - INFO - ==================================================
2026-03-05 13:34:44,797 - __main__ - INFO - 正在清理資源...
2026-03-05 13:34:44,798 - config.settings - INFO - 使用預設配置
2026-03-05 13:34:44,798 - utils.helpers - INFO - 清理了 0 個舊檔案
2026-03-05 13:34:44,799 - __main__ - INFO - 資源清理完成
2026-03-05 13:34:44,799 - __main__ - INFO - ==================================================
2026-03-05 13:34:44,799 - __main__ - INFO - 股票分析系統關閉
2026-03-05 13:34:44,799 - __main__ - INFO - ==================================================
